Create utility manager...
Create a Camera...
Create config utility...
Create stage utility...
Create input utility...
create time utility...
create window...
WM_SIZE...
initiate opengl device...
Create the render entity manager...
Create the render pipe manager...
Initiate utility manager...
Initiate a Camera...
Initiate input utility...
Initiate stage utility...
Render entity load from file .//Resources//sun//sun.GMA
Render entity load from file .//Resources//earth//earth.GMA
Render entity load from file .//Resources//cobble//cobble.GMA
Render entity load from file .//Resources//moon//moon.GMA
59.999102
18.301332
4.174837
59.999102
45.151108
28.379538
14.377279
16.803974
20.108926
21.436148
21.373052
20.160249
16.702182
28.917617
WM_EXITSIZEMOVE...
0.625094
59.999102
59.999102
59.999102
42.583780
20.493334
21.664165
20.891793
21.176761
21.025368
21.024801
20.980653
20.417100
21.445192
59.999102
26.364154
54.979307
59.999102
59.999102
59.999102
38.236194
21.152621
21.409061
20.437981
21.107936
20.703287
20.816277
20.507175
21.260912
20.665591
20.796650
20.683873
20.881717
20.432444
21.061353
20.725125
29.751425
21.519010
20.852850
21.430843
20.775215
20.839654
20.887127
20.811089
20.715944
20.758799
20.684788
20.980465
20.668514
20.699071
59.999102
59.999102
59.999102
59.999102
27.031366
21.444012
20.710622
20.849503
20.116538
21.242754
34.363178
21.311491
20.648618
20.947383
20.664130
20.616210
20.542489
21.159704
21.150134
20.847830
20.756771
30.949012
20.635861
21.342227
20.885448
20.807385
20.757693
20.824620
20.612393
20.820169
20.720717
20.817389
20.545016
20.693026
20.914405
21.076731
20.901318
21.229638
20.724023
20.783525
20.722003
20.802571
20.680946
20.900944
20.593149
21.120521
20.716494
20.792582
20.969552
20.757693
20.736705
20.825733
20.588072
20.897395
20.694674
20.737809
20.755113
20.340014
21.134648
21.062491
21.166409
20.343377
21.317126
12.290743
20.709522
20.796835
20.837797
31.537201
21.325681
20.679848
20.376175
31.848217
21.618894
20.768202
20.699804
20.767096
32.056940
21.212304
20.693392
20.771708
31.207189
20.829443
20.923389
21.123383
21.048649
31.628069
20.844113
20.612030
21.166217
20.719248
31.836508
20.765067
20.997234
20.926385
20.572855
32.074971
20.744617
20.715760
21.542803
30.937545
21.029528
20.865877
20.768202
20.553504
31.653332
21.402202
20.681495
20.491538
32.431789
21.389867
20.716127
21.179638
44.203596
21.321986
12.133457
59.999102
22.480482
31.715160
20.949823
20.747010
20.674362
31.752200
20.685886
20.870534
20.658288
20.622938
32.544193
10.174831
31.741854
20.714292
31.641338
31.213855
32.655098
32.256398
59.999102
59.999102
59.999102
59.999102
59.999102
41.405107
21.505749
32.951013
31.961410
31.929984
31.732808
31.721184
31.786302
20.822580
32.002094
32.112857
30.113920
34.822766
21.030852
32.162774
32.162774
31.943507
32.424593
21.077871
33.126080
31.728501
31.581930
31.938707
31.241382
21.242561
31.871660
31.467592
32.043321
31.712149
20.722003
30.756041
33.666988
32.648258
31.762121
30.949831
21.428290
31.495144
31.413476
33.161788
31.534649
20.737809
30.691445
33.339584
59.505879
59.999102
59.999102
59.999102
59.999102
32.581380
30.975663
21.704991
31.280671
32.876879
32.405719
32.586829
31.825241
21.227133
34.303184
45.976816
31.596867
20.825547
59.999102
36.696880
31.790191
21.214806
32.239941
32.228831
32.317926
31.836508
32.117268
21.083953
32.120357
32.174724
32.403922
32.119474
32.510707
31.648619
20.771893
27.366742
37.699818
31.911680
31.208855
34.591446
21.025557
32.250169
32.063974
32.385520
32.136250
31.485813
31.650761
21.430647
32.225722
32.085975
31.904713
20.934442
32.140226
32.165871
31.860368
32.084654
32.255508
31.035281
21.515842
32.255508
32.316139
32.283120
32.194217
20.990259
32.135808
31.866448
31.707848
32.413356
32.203529
20.809236
33.223989
31.424453
32.822880
32.146854
32.325075
20.967671
31.921701
32.700312
31.786302
32.470073
21.176953
32.187126
31.698820
31.836942
32.894918
32.608189
31.495992
33.332929
31.588757
21.020453
32.304977
31.811385
31.983708
32.441689
32.297837
32.282675
31.653332
32.096987
21.150325
32.087736
32.134925
31.106299
32.042882
32.419198
32.190671
30.760492
32.296944
21.419652
32.369827
32.426842
32.101834
32.048592
32.492635
31.583210
32.761252
21.178679
32.170297
32.390904
32.494892
31.820477
31.967091
32.198650
32.304084
32.251059
31.637912
21.258592
32.219060
32.207965
32.350569
32.334910
32.172510
31.852990
32.267527
20.782601
30.595860
33.518816
31.071989
32.595915
31.966217
32.657834
32.306762
32.129626
21.013274
32.365795
31.324254
32.836709
31.784573
32.287133
32.198207
32.217285
20.930506
32.353702
32.216841
32.295160
32.346988
32.098749
32.277772
31.720753
20.986868
32.552349
31.938707
32.287133
32.537852
32.141551
32.321053
20.469114
32.833020
31.500660
32.598188
31.926932
31.920394
32.466917
30.990033
21.636499
32.263520
32.293376
32.196877
32.342961
31.822642
31.558485
21.592341
32.033663
32.536041
31.731516
33.021750
31.745302
32.510255
21.043155
32.180924
32.479545
32.294714
32.282675
32.434039
32.342066
31.199693
21.443816
32.376551
32.124328
31.862974
32.009980
32.487668
29.282682
36.457697
32.864864
32.257733
32.260403
31.700540
32.451595
32.188012
32.149064
32.070571
59.999102
35.174284
32.202198
32.304977
32.255063
32.203529
32.199537
32.342514
32.262629
32.129626
31.259342
32.457001
21.144205
32.289362
32.365347
32.329545
31.973648
32.169854
31.633632
31.478183
20.855082
31.219690
20.826475
59.999102
34.900736
32.301853
32.918538
31.819611
21.040126
32.725485
32.449344
32.203085
32.544646
32.285795
32.184467
32.119474
20.920955
32.211515
32.404371
32.157465
32.296944
32.255508
32.448443
31.947435
31.755219
21.301395
32.323287
32.366691
32.299175
31.846916
32.078051
31.863408
32.567312
20.982160
31.271048
31.993336
21.253375
59.999102
34.779773
32.835325
31.972774
21.033879
32.551442
32.306762
32.083774
32.560055
32.347436
20.883023
32.479094
32.386417
31.598576
32.318373
32.151275
32.372965
20.980465
32.389558
31.972337
32.552349
31.952674
32.364003
31.554225
21.033123
31.982395
32.523821
31.937398
32.705801
32.186683
31.269794
20.807014
31.976272
32.000780
31.453622
32.110211
32.278218
31.068273
21.582773
32.104038
32.334463
31.578517
32.458804
31.739700
21.207109
31.880786
32.750697
32.393148
32.200424
32.213734
21.015352
32.146412
31.936526
32.090379
32.289362
32.295606
32.400779
20.914405
32.416951
32.140668
32.207521
20.992521
31.277323
20.956207
31.131979
21.952801
20.896461
32.271090
21.017997
20.933505
31.701829
21.108889
20.916089
32.375654
20.991202
20.834083
32.593189
21.147073
20.940254
31.919086
21.146499
31.839109
20.984796
21.240632
32.048592
20.945694
20.869230
32.703056
20.753087
20.981030
32.483155
31.732377
33.358134
31.533373
21.266907
31.835208
32.241275
32.284904
32.220836
21.075591
32.003408
32.290700
20.840769
20.808496
32.205747
20.781124
20.833712
32.575479
20.985738
20.908981
31.033222
21.508123
20.992709
20.925823
31.977147
20.547905
20.779646
31.648190
21.011197
21.103364
31.443047
21.060783
21.334632
31.791920
21.115371
16.361941
57.018607
20.887314
21.066097
32.342961
20.983666
31.639197
31.209272
21.459758
32.173396
32.366691
32.257288
31.942634
32.267972
31.107955
21.335216
32.159235
32.192887
31.608401
33.055830
32.380138
31.283182
21.388106
31.907761
32.197320
32.080692
32.721363
32.213290
31.336429
21.074831
32.295160
32.325969
32.045956
32.464663
32.361315
31.185128
21.328404
32.276881
32.416052
31.114164
33.295904
32.071011
20.868298
32.183138
31.852990
32.418299
32.645979
32.383726
31.926496
21.151282
32.201755
32.334463
31.922137
31.676060
32.730066
31.793650
20.765989
32.730982
31.948308
31.613957
32.721363
31.952238
32.310334
32.323287
32.211071
20.725309
32.797096
32.250169
32.175609
31.895573
32.267527
32.667416
32.443040
31.354499
21.391041
32.470524
32.356389
32.130950
32.416501
32.319713
31.076945
21.512476
32.252838
32.129626
31.955295
32.400330
32.545099
31.723336
21.359970
32.394943
32.365795
32.189785
32.280892
31.098438
33.122795
32.259958
32.336699
20.906364
32.249279
32.004722
31.834341
32.752991
32.460606
32.205303
32.148180
32.079372
21.106603
32.111534
32.390006
32.218173
32.204859
32.450695
31.918215
32.496699
32.359523
31.434170
21.125101
32.903251
31.532097
30.695072
33.227294
32.940335
30.879117
21.550547
32.166756
32.153485
31.991585
32.711749
32.242164
20.977830
31.967965
32.512063
32.282675
31.657618
32.429091
31.599857
21.280069
31.914294
31.728071
30.650005
31.944380
32.377448
31.293649
21.019886
32.137133
31.168500
32.996585
32.243053
32.871332
31.125762
21.500607
WM_EXITSIZEMOVE...
2.818050
59.999102
59.999102
59.999102
59.999102
59.999102
29.934641
32.388660
31.697531
32.701227
32.207521
32.270644
21.006666
31.656332
31.869054
32.419648
32.287133
31.995963
20.833712
32.157023
32.465564
29.130183
35.363679
WM_DESTROY...
6.980564
